<?xml version="1.0" encoding="UTF-8"?>
<!-- Generated by org.testng.reporters.JUnitXMLReporter -->
<testsuite hostname="shreya-Inspiron-3558" name="Test1" tests="1" failures="1" timestamp="25 Oct 2017 07:58:06 GMT" time="15.626" errors="0">
  <testcase name="Verify_Successful_Login" time="10.083" classname="com.java.test.Test_Login">
    <failure type="java.lang.AssertionError" message="expected [true] but found [false]">
      <![CDATA[java.lang.AssertionError: expected [true] but found [false]
	at com.java.pages.LoginPage.Login(LoginPage.java:30)
	at com.java.test.Test_Login.Verify_Successful_Login(Test_Login.java:25)
	at com.intellij.rt.execution.application.AppMain.main(AppMain.java:147)
... Removed 31 stack frames]]>
    </failure>
  </testcase> <!-- Verify_Successful_Login -->
</testsuite> <!-- Test1 -->
