<?xml version="1.0" encoding="UTF-8"?>
<!-- Generated by org.testng.reporters.JUnitXMLReporter -->
<testsuite hostname="rakesh-Latitude-3540" name="Test2" tests="1" failures="1" timestamp="30 Oct 2017 08:15:00 GMT" time="12.509" errors="0">
  <testcase name="Verify_Successful_Login" time="4.395" classname="com.java.test.Test_Login">
    <failure type="java.lang.AssertionError" message="Page Title Not Matching expected [Site administration | jango site admin] but found [Site administration | Django site admin]">
      <![CDATA[java.lang.AssertionError: Page Title Not Matching expected [Site administration | jango site admin] but found [Site administration | Django site admin]
	at com.java.pages.LoginPage.Login(LoginPage.java:42)
	at com.java.test.Test_Login.Verify_Successful_Login(Test_Login.java:18)
	at com.intellij.rt.execution.application.AppMain.main(AppMain.java:147)
... Removed 31 stack frames]]>
    </failure>
  </testcase> <!-- Verify_Successful_Login -->
</testsuite> <!-- Test2 -->
